app/build/intermediates/manifest_merge_blame_file/debug/manifest-merger-blame-debug-report.txt
1<?xml version="1.0" encoding="utf-8"?>
2<manifest xmlns:android="http://schemas.android.com/apk/res/android"
3    package="com.brainzone.mindgames"
4    android:versionCode="1"
5    android:versionName="1.0" >
6
7    <uses-sdk
8        android:minSdkVersion="24"
9        android:targetSdkVersion="34" />
10
11    <permission
11-->[androidx.core:core:1.10.1] AndroidManifest.xml:22:5-24:47
12        android:name="com.brainzone.mindgames.DYNAMIC_RECEIVER_NOT_EXPORTED_PERMISSION"
12-->[androidx.core:core:1.10.1] AndroidManifest.xml:23:9-81
13        android:protectionLevel="signature" />
13-->[androidx.core:core:1.10.1] AndroidManifest.xml:24:9-44
14
15    <uses-permission android:name="com.brainzone.mindgames.DYNAMIC_RECEIVER_NOT_EXPORTED_PERMISSION" />
15-->[androidx.core:core:1.10.1] AndroidManifest.xml:26:5-97
15-->[androidx.core:core:1.10.1] AndroidManifest.xml:26:22-94
16
17    <application
17-->src/main/AndroidManifest.xml:5:5-44:19
18        android:allowBackup="true"
18-->src/main/AndroidManifest.xml:6:9-35
19        android:appComponentFactory="androidx.core.app.CoreComponentFactory"
19-->[androidx.core:core:1.10.1] AndroidManifest.xml:28:18-86
20        android:debuggable="true"
21        android:extractNativeLibs="false"
22        android:icon="@mipmap/ic_launcher"
22-->src/main/AndroidManifest.xml:7:9-43
23        android:label="@string/app_name"
23-->src/main/AndroidManifest.xml:8:9-41
24        android:roundIcon="@mipmap/ic_launcher_round"
24-->src/main/AndroidManifest.xml:9:9-54
25        android:supportsRtl="true"
25-->src/main/AndroidManifest.xml:10:9-35
26        android:testOnly="true"
27        android:theme="@style/Theme.BrainZone" >
27-->src/main/AndroidManifest.xml:11:9-47
28        <activity
28-->src/main/AndroidManifest.xml:13:9-21:20
29            android:name="com.brainzone.mindgames.SplashActivity"
29-->src/main/AndroidManifest.xml:14:13-43
30            android:exported="true"
30-->src/main/AndroidManifest.xml:16:13-36
31            android:theme="@style/Theme.BrainZone.Splash" >
31-->src/main/AndroidManifest.xml:15:13-58
32            <intent-filter>
32-->src/main/AndroidManifest.xml:17:13-20:29
33                <action android:name="android.intent.action.MAIN" />
33-->src/main/AndroidManifest.xml:18:17-69
33-->src/main/AndroidManifest.xml:18:25-66
34
35                <category android:name="android.intent.category.LAUNCHER" />
35-->src/main/AndroidManifest.xml:19:17-77
35-->src/main/AndroidManifest.xml:19:27-74
36            </intent-filter>
37        </activity>
38        <activity android:name="com.brainzone.mindgames.MainActivity" />
38-->src/main/AndroidManifest.xml:23:9-50
38-->src/main/AndroidManifest.xml:23:19-47
39        <activity android:name="com.brainzone.mindgames.Game1Activity" />
39-->src/main/AndroidManifest.xml:24:9-51
39-->src/main/AndroidManifest.xml:24:19-48
40        <activity android:name="com.brainzone.mindgames.Game2Activity" />
40-->src/main/AndroidManifest.xml:25:9-51
40-->src/main/AndroidManifest.xml:25:19-48
41        <activity android:name="com.brainzone.mindgames.Game3Activity" />
41-->src/main/AndroidManifest.xml:26:9-51
41-->src/main/AndroidManifest.xml:26:19-48
42        <activity android:name="com.brainzone.mindgames.GameResultActivity" />
42-->src/main/AndroidManifest.xml:27:9-56
42-->src/main/AndroidManifest.xml:27:19-53
43        <activity android:name="com.brainzone.mindgames.LeaderboardActivity" />
43-->src/main/AndroidManifest.xml:28:9-57
43-->src/main/AndroidManifest.xml:28:19-54
44        <activity android:name="com.brainzone.mindgames.SettingsActivity" />
44-->src/main/AndroidManifest.xml:29:9-54
44-->src/main/AndroidManifest.xml:29:19-51
45
46        <service
46-->src/main/AndroidManifest.xml:31:9-34:40
47            android:name="com.brainzone.mindgames.BackgroundMusicService"
47-->src/main/AndroidManifest.xml:32:13-51
48            android:enabled="true"
48-->src/main/AndroidManifest.xml:33:13-35
49            android:exported="false" />
49-->src/main/AndroidManifest.xml:34:13-37
50
51        <receiver
51-->src/main/AndroidManifest.xml:36:9-42:20
52            android:name="com.brainzone.mindgames.BatteryLowReceiver"
52-->src/main/AndroidManifest.xml:37:13-47
53            android:exported="true" >
53-->src/main/AndroidManifest.xml:38:13-36
54            <intent-filter>
54-->src/main/AndroidManifest.xml:39:13-41:29
55                <action android:name="android.intent.action.BATTERY_LOW" />
55-->src/main/AndroidManifest.xml:40:17-76
55-->src/main/AndroidManifest.xml:40:25-73
56            </intent-filter>
57        </receiver>
58
59        <provider
59-->[androidx.emoji2:emoji2:1.2.0] AndroidManifest.xml:24:9-32:20
60            android:name="androidx.startup.InitializationProvider"
60-->[androidx.emoji2:emoji2:1.2.0] AndroidManifest.xml:25:13-67
61            android:authorities="com.brainzone.mindgames.androidx-startup"
61-->[androidx.emoji2:emoji2:1.2.0] AndroidManifest.xml:26:13-68
62            android:exported="false" >
62-->[androidx.emoji2:emoji2:1.2.0] AndroidManifest.xml:27:13-37
63            <meta-data
63-->[androidx.emoji2:emoji2:1.2.0] AndroidManifest.xml:29:13-31:52
64                android:name="androidx.emoji2.text.EmojiCompatInitializer"
64-->[androidx.emoji2:emoji2:1.2.0] AndroidManifest.xml:30:17-75
65                android:value="androidx.startup" />
65-->[androidx.emoji2:emoji2:1.2.0] AndroidManifest.xml:31:17-49
66            <meta-data
66-->[androidx.lifecycle:lifecycle-process:2.4.1] AndroidManifest.xml:31:13-33:52
67                android:name="androidx.lifecycle.ProcessLifecycleInitializer"
67-->[androidx.lifecycle:lifecycle-process:2.4.1] AndroidManifest.xml:32:17-78
68                android:value="androidx.startup" />
68-->[androidx.lifecycle:lifecycle-process:2.4.1] AndroidManifest.xml:33:17-49
69        </provider>
70    </application>
71
72</manifest>